0 info it worked if it ends with ok
1 verbose cli [ 'C:\\Program Files\\nodejs\\node.exe',
1 verbose cli   'C:\\Program Files\\nodejs\\node_modules\\npm\\bin\\npm-cli.js',
1 verbose cli   'run',
1 verbose cli   'lint' ]
2 info using npm@3.10.10
3 info using node@v6.11.5
4 verbose run-script [ 'prelint', 'lint', 'postlint' ]
5 info lifecycle complete-intro-to-react@3.0.0~prelint: complete-intro-to-react@3.0.0
6 silly lifecycle complete-intro-to-react@3.0.0~prelint: no script for prelint, continuing
7 info lifecycle complete-intro-to-react@3.0.0~lint: complete-intro-to-react@3.0.0
8 verbose lifecycle complete-intro-to-react@3.0.0~lint: unsafe-perm in lifecycle true
9 verbose lifecycle complete-intro-to-react@3.0.0~lint: PATH: C:\Program Files\nodejs\node_modules\npm\bin\node-gyp-bin;C:\Users\timni\Documents\PROJECTS\React\v2\complete-intro-to-react\node_modules\.bin;C:\cygwin64\usr\local\bin;C:\cygwin64\bin;C:\Program Files (x86)\iis express\PHP\v5.6;C:\Program Files\Docker\Docker\Resources\bin;C:\WINDOWS;C:\WINDOWS\system32;C:\WINDOWS\system32\Wbem;C:\Program Files (x86)\iis express\PHP\v5.4;C:\Program Files (x86)\Intel\iCLS Client;C:\Program Files\Intel\iCLS Client;C:\WINDOWS\System32\Wbem;C:\WINDOWS\System32\WindowsPowerShell\v1.0;C:\Program Files\Intel\WiFi\bin;C:\Program Files\Common Files\Intel\WirelessCommon;C:\Program Files\Microsoft SQL Server\120\Tools\Binn;C:\Program Files\Microsoft SQL Server\Client SDK\ODBC\110\Tools\Binn;C:\Program Files (x86)\Microsoft SQL Server\120\Tools\Binn;C:\Program Files\Microsoft SQL Server\120\DTS\Binn;C:\Program Files (x86)\Microsoft SQL Server\120\Tools\Binn\ManagementStudio;C:\Program Files (x86)\Microsoft SQL Server\120\DTS\Binn;C:\Program Files\MySQL\MySQL Server 5.1\bin;C:\Program Files (x86)\Intel\Intel(R) Management Engine Components\DAL;C:\Program Files\Intel\Intel(R) Management Engine Components\DAL;C:\Program Files (x86;C:\WINDOWS\system32;C:\WINDOWS;C:\WINDOWS\System32\Wbem;C:\WINDOWS\System32\WindowsPowerShell\v1.0;C:\Program Files\nodejs;C:\Users\timni\AppData\Local\Microsoft\WindowsApps;C:\Users\timni\AppData\Roaming\npm;C:\cygwin64\lib\lapack
10 verbose lifecycle complete-intro-to-react@3.0.0~lint: CWD: C:\Users\timni\Documents\PROJECTS\React\v2\complete-intro-to-react
11 silly lifecycle complete-intro-to-react@3.0.0~lint: Args: [ '/d /s /c', 'eslint **/*.{js,jsx} --quiet --fix' ]
12 silly lifecycle complete-intro-to-react@3.0.0~lint: Returned: code: 1  signal: null
13 info lifecycle complete-intro-to-react@3.0.0~lint: Failed to exec lint script
14 verbose stack Error: complete-intro-to-react@3.0.0 lint: `eslint **/*.{js,jsx} --quiet --fix`
14 verbose stack Exit status 1
14 verbose stack     at EventEmitter.<anonymous> (C:\Program Files\nodejs\node_modules\npm\lib\utils\lifecycle.js:255:16)
14 verbose stack     at emitTwo (events.js:106:13)
14 verbose stack     at EventEmitter.emit (events.js:191:7)
14 verbose stack     at ChildProcess.<anonymous> (C:\Program Files\nodejs\node_modules\npm\lib\utils\spawn.js:40:14)
14 verbose stack     at emitTwo (events.js:106:13)
14 verbose stack     at ChildProcess.emit (events.js:191:7)
14 verbose stack     at maybeClose (internal/child_process.js:920:16)
14 verbose stack     at Process.ChildProcess._handle.onexit (internal/child_process.js:230:5)
15 verbose pkgid complete-intro-to-react@3.0.0
16 verbose cwd C:\Users\timni\Documents\PROJECTS\React\v2\complete-intro-to-react
17 error Windows_NT 10.0.15063
18 error argv "C:\\Program Files\\nodejs\\node.exe" "C:\\Program Files\\nodejs\\node_modules\\npm\\bin\\npm-cli.js" "run" "lint"
19 error node v6.11.5
20 error npm  v3.10.10
21 error code ELIFECYCLE
22 error complete-intro-to-react@3.0.0 lint: `eslint **/*.{js,jsx} --quiet --fix`
22 error Exit status 1
23 error Failed at the complete-intro-to-react@3.0.0 lint script 'eslint **/*.{js,jsx} --quiet --fix'.
23 error Make sure you have the latest version of node.js and npm installed.
23 error If you do, this is most likely a problem with the complete-intro-to-react package,
23 error not with npm itself.
23 error Tell the author that this fails on your system:
23 error     eslint **/*.{js,jsx} --quiet --fix
23 error You can get information on how to open an issue for this project with:
23 error     npm bugs complete-intro-to-react
23 error Or if that isn't available, you can get their info via:
23 error     npm owner ls complete-intro-to-react
23 error There is likely additional logging output above.
24 verbose exit [ 1, true ]
